/usr/local/rvm/gems/ruby-2.0.0-p0/gems/execjs-1.4.0/lib/execjs/runtimes.rb:51:in `autodetect': Could not find a JavaScript runtime. See https://github.com/sstephenson/execjs for a list of available runtimes. (ExecJS::RuntimeUnavailable)
	from /usr/local/rvm/gems/ruby-2.0.0-p0/gems/execjs-1.4.0/lib/execjs.rb:5:in `<module:ExecJS>'
	from /usr/local/rvm/gems/ruby-2.0.0-p0/gems/execjs-1.4.0/lib/execjs.rb:4:in `<top (required)>'
	from /usr/local/rvm/gems/ruby-2.0.0-p0/gems/coffee-script-2.2.0/lib/coffee_script.rb:1:in `require'
	from /usr/local/rvm/gems/ruby-2.0.0-p0/gems/coffee-script-2.2.0/lib/coffee_script.rb:1:in `<top (required)>'
	from /usr/local/rvm/gems/ruby-2.0.0-p0/gems/coffee-script-2.2.0/lib/coffee-script.rb:1:in `require'
	from /usr/local/rvm/gems/ruby-2.0.0-p0/gems/coffee-script-2.2.0/lib/coffee-script.rb:1:in `<top (required)>'
	from /usr/local/rvm/gems/ruby-2.0.0-p0/gems/coffee-rails-3.2.2/lib/coffee-rails.rb:1:in `require'
	from /usr/local/rvm/gems/ruby-2.0.0-p0/gems/coffee-rails-3.2.2/lib/coffee-rails.rb:1:in `<top (required)>'
	from /usr/local/rvm/gems/ruby-2.0.0-p0@global/gems/bundler-1.3.0/lib/bundler/runtime.rb:72:in `require'
	from /usr/local/rvm/gems/ruby-2.0.0-p0@global/gems/bundler-1.3.0/lib/bundler/runtime.rb:72:in `block (2 levels) in require'
	from /usr/local/rvm/gems/ruby-2.0.0-p0@global/gems/bundler-1.3.0/lib/bundler/runtime.rb:70:in `each'
	from /usr/local/rvm/gems/ruby-2.0.0-p0@global/gems/bundler-1.3.0/lib/bundler/runtime.rb:70:in `block in require'
	from /usr/local/rvm/gems/ruby-2.0.0-p0@global/gems/bundler-1.3.0/lib/bundler/runtime.rb:59:in `each'
	from /usr/local/rvm/gems/ruby-2.0.0-p0@global/gems/bundler-1.3.0/lib/bundler/runtime.rb:59:in `require'
	from /usr/local/rvm/gems/ruby-2.0.0-p0@global/gems/bundler-1.3.0/lib/bundler.rb:132:in `require'
	from /home/alessio/Documents/Dropbox/first_app/config/application.rb:7:in `<top (required)>'
	from /usr/local/rvm/gems/ruby-2.0.0-p0/gems/railties-3.2.12/lib/rails/commands.rb:53:in `require'
	from /usr/local/rvm/gems/ruby-2.0.0-p0/gems/railties-3.2.12/lib/rails/commands.rb:53:in `block in <top (required)>'
	from /usr/local/rvm/gems/ruby-2.0.0-p0/gems/railties-3.2.12/lib/rails/commands.rb:50:in `tap'
	from /usr/local/rvm/gems/ruby-2.0.0-p0/gems/railties-3.2.12/lib/rails/commands.rb:50:in `<top (required)>'
	from script/rails:6:in `require'
	from script/rails:6:in `<main>'
[2013-03-11 10:17:05] INFO  WEBrick 1.3.1
[2013-03-11 10:17:05] INFO  ruby 2.0.0 (2013-02-24) [x86_64-linux]
[2013-03-11 10:17:05] WARN  TCPServer Error: Address already in use - bind(2)
/usr/local/rvm/rubies/ruby-2.0.0-p0/lib/ruby/2.0.0/webrick/utils.rb:85:in `initialize': Address already in use - bind(2) (Errno::EADDRINUSE)
	from /usr/local/rvm/rubies/ruby-2.0.0-p0/lib/ruby/2.0.0/webrick/utils.rb:85:in `new'
	from /usr/local/rvm/rubies/ruby-2.0.0-p0/lib/ruby/2.0.0/webrick/utils.rb:85:in `block in create_listeners'
	from /usr/local/rvm/rubies/ruby-2.0.0-p0/lib/ruby/2.0.0/webrick/utils.rb:82:in `each'
	from /usr/local/rvm/rubies/ruby-2.0.0-p0/lib/ruby/2.0.0/webrick/utils.rb:82:in `create_listeners'
	from /usr/local/rvm/rubies/ruby-2.0.0-p0/lib/ruby/2.0.0/webrick/server.rb:132:in `listen'
	from /usr/local/rvm/rubies/ruby-2.0.0-p0/lib/ruby/2.0.0/webrick/server.rb:113:in `initialize'
	from /usr/local/rvm/rubies/ruby-2.0.0-p0/lib/ruby/2.0.0/webrick/httpserver.rb:45:in `initialize'
	from /usr/local/rvm/gems/ruby-2.0.0-p0/gems/rack-1.4.5/lib/rack/handler/webrick.rb:10:in `new'
	from /usr/local/rvm/gems/ruby-2.0.0-p0/gems/rack-1.4.5/lib/rack/handler/webrick.rb:10:in `run'
	from /usr/local/rvm/gems/ruby-2.0.0-p0/gems/rack-1.4.5/lib/rack/server.rb:268:in `start'
	from /usr/local/rvm/gems/ruby-2.0.0-p0/gems/railties-3.2.12/lib/rails/commands/server.rb:70:in `start'
	from /usr/local/rvm/gems/ruby-2.0.0-p0/gems/railties-3.2.12/lib/rails/commands.rb:55:in `block in <top (required)>'
	from /usr/local/rvm/gems/ruby-2.0.0-p0/gems/railties-3.2.12/lib/rails/commands.rb:50:in `tap'
	from /usr/local/rvm/gems/ruby-2.0.0-p0/gems/railties-3.2.12/lib/rails/commands.rb:50:in `<top (required)>'
	from script/rails:6:in `require'
	from script/rails:6:in `<main>'
=> Booting WEBrick
=> Rails 3.2.12 application starting in development on http://0.0.0.0:3000
=> Call with -d to detach
=> Ctrl-C to shutdown server
Exiting
